<?xml version="1.0" encoding="UTF-8" ?>
<testsuite failures="0" time="0.124" errors="0" skipped="0" tests="3" name="org.apache.mahout.pig.encoders.DirectVectorTest">
  <properties>
[...]
</properties>
  <testcase time="0.084" classname="org.apache.mahout.pig.encoders.DirectVectorTest" name="testEncoding"/>
  <testcase time="0" classname="org.apache.mahout.pig.encoders.DirectVectorTest" name="testWrongSize"/>
  <testcase time="0" classname="org.apache.mahout.pig.encoders.DirectVectorTest" name="testNullAsNaN"/>
</testsuite>